[I] ~/v/r/r/a/t/playbook (master ⚡=) ansible-playbook -i ec2.py  aws-provision-demo1.yaml
 [WARNING]: provided hosts list is empty, only localhost is available


PLAY [Provision Stack Aws Demo 1] ********************************************************************************************************************************************************************************************************************************************

TASK [Gathering Facts] *******************************************************************************************************************************************************************************************************************************************************
ok: [localhost]

TASK [distrostack : Replacing variables for cloudformation file] *************************************************************************************************************************************************************************************************************
changed: [localhost]

TASK [distrostack : Remove ssh.cfg config] ***********************************************************************************************************************************************************************************************************************************
changed: [localhost]

TASK [distrostack : Run my CloudFormation stack] *****************************************************************************************************************************************************************************************************************************
changed: [localhost]

TASK [distrostack : debug] ***************************************************************************************************************************************************************************************************************************************************
ok: [localhost] => {
    "ec2_awsecs_stack.stack_outputs.URL": "http://13.58.227.62"
}

TASK [distrostack : debug] ***************************************************************************************************************************************************************************************************************************************************
ok: [localhost] => {
    "ec2_awsecs_stack.stack_outputs.PublicIP": "13.58.227.62"
}

TASK [distrostack : set_fact] ************************************************************************************************************************************************************************************************************************************************
ok: [localhost]

TASK [distrostack : debug] ***************************************************************************************************************************************************************************************************************************************************
ok: [localhost] => {
    "ipaddress": "13.58.227.62"
}

TASK [distrostack : definition of 13.58.227.62] ******************************************************************************************************************************************************************************************************************************
changed: [localhost]

TASK [distrostack : configure sshcfg file] ***********************************************************************************************************************************************************************************************************************************
changed: [localhost]

TASK [distrostack : Wait for server to restart] ******************************************************************************************************************************************************************************************************************************
ok: [localhost -> localhost]

TASK [distrostack : Refresh EC2 cache] ***************************************************************************************************************************************************************************************************************************************
changed: [localhost]

PLAY [Set up instances] ******************************************************************************************************************************************************************************************************************************************************

TASK [Gathering Facts] *******************************************************************************************************************************************************************************************************************************************************
ok: [13.58.227.62]

TASK [base : include] ********************************************************************************************************************************************************************************************************************************************************
included: /Users/restaurador/violeta/repos/rino/aws/test2/playbook/roles/base/tasks/base-yum.yml for 13.58.227.62

TASK [base : OS upgrade] *****************************************************************************************************************************************************************************************************************************************************
ok: [13.58.227.62]

TASK [base : Install list of packages] ***************************************************************************************************************************************************************************************************************************************
changed: [13.58.227.62] => (item=[u'docker', u'mc', u'git'])

TASK [base : Install docker-compose] *****************************************************************************************************************************************************************************************************************************************
 [WARNING]: Consider using get_url or uri module rather than running curl

changed: [13.58.227.62]

TASK [base : Set permission to docker-compose] *******************************************************************************************************************************************************************************************************************************
 [WARNING]: Consider using file module with mode rather than running chmod

changed: [13.58.227.62]

TASK [base : Update ec2-user to use docker] **********************************************************************************************************************************************************************************************************************************
changed: [13.58.227.62]

TASK [base : Passwordless sudo] **********************************************************************************************************************************************************************************************************************************************
 [WARNING]: when statements should not include jinja2 templating delimiters such as {{ }} or {% %}. Found: {{passwordless_sudo}}

changed: [13.58.227.62]

TASK [base : Make sure docker is running] ************************************************************************************************************************************************************************************************************************************
changed: [13.58.227.62]

PLAY [Set up instances] ******************************************************************************************************************************************************************************************************************************************************

TASK [Gathering Facts] *******************************************************************************************************************************************************************************************************************************************************
ok: [13.58.227.62]

TASK [dockercompose : Create wordpress compose directory] ********************************************************************************************************************************************************************************************************************
 [WARNING]: when statements should not include jinja2 templating delimiters such as {{ }} or {% %}. Found: {{ wordpressdbdeploy }}

 [WARNING]: Consider using file module with state=directory rather than running mkdir

changed: [13.58.227.62]

TASK [dockercompose : Create wordpress compose file] *************************************************************************************************************************************************************************************************************************
 [WARNING]: when statements should not include jinja2 templating delimiters such as {{ }} or {% %}. Found: {{ wordpressdbdeploy }}

changed: [13.58.227.62]

TASK [dockercompose : Run Docker-compose] ************************************************************************************************************************************************************************************************************************************
 [WARNING]: when statements should not include jinja2 templating delimiters such as {{ }} or {% %}. Found: {{ wordpressdbdeploy }}

 [WARNING]: Consider using 'become', 'become_method', and 'become_user' rather than running sudo

changed: [13.58.227.62]

PLAY RECAP *******************************************************************************************************************************************************************************************************************************************************************
13.58.227.62               : ok=13   changed=9    unreachable=0    failed=0
localhost                  : ok=12   changed=6    unreachable=0    failed=0

[I] ~/v/r/r/a/t/playbook (master ⚡=) ssh -i keys/private/RINO_OHIO.pem ec2-user@13.58.227.62 docker ps
The authenticity of host '13.58.227.62 (13.58.227.62)' can't be established.
ECDSA key fingerprint is SHA256:QCVgokL25eAo3BHnIq9hcLhH/Dc0rd9G44rgAA5Q+xw.
Are you sure you want to continue connecting (yes/no)? yes
Warning: Permanently added '13.58.227.62' (ECDSA) to the list of known hosts.
/etc/profile.d/lang.sh: line 19: warning: setlocale: LC_CTYPE: cannot change locale (UTF-8): No such file or directory
CONTAINER ID        IMAGE               COMMAND                  CREATED              STATUS              PORTS                NAMES
dc6437ad49ab        mysql:5.7           "docker-entrypoint..."   About a minute ago   Up About a minute   3306/tcp             wordpress_mysql_1
6e868b1b3078        wordpress           "docker-entrypoint..."   About a minute ago   Up About a minute   0.0.0.0:80->80/tcp   wordpress_wordpress_1
[I] ~/v/r/r/a/t/playbook (master ⚡=)
